[debug] [2023-09-11T01:01:18.319Z] ----------------------------------------------------------------------
[debug] [2023-09-11T01:01:18.320Z] Command:       /Users/heewonahn/.nvm/versions/node/v18.17.1/bin/node /usr/local/bin/firebase deploy --only hosting
[debug] [2023-09-11T01:01:18.321Z] CLI Version:   7.12.1
[debug] [2023-09-11T01:01:18.321Z] Platform:      darwin
[debug] [2023-09-11T01:01:18.322Z] Node Version:  v18.17.1
[debug] [2023-09-11T01:01:18.324Z] Time:          Sun Sep 10 2023 21:01:18 GMT-0400 (Eastern Daylight Time)
[debug] [2023-09-11T01:01:18.324Z] ----------------------------------------------------------------------
[debug] [2023-09-11T01:01:18.324Z] 
[debug] [2023-09-11T01:01:18.335Z] > command requires scopes: ["email","openid","https://www.googleapis.com/auth/cloudplatformprojects.readonly","https://www.googleapis.com/auth/firebase","https://www.googleapis.com/auth/cloud-platform"]
[debug] [2023-09-11T01:01:18.336Z] > authorizing via signed-in user
[debug] [2023-09-11T01:01:18.337Z] [iam] checking project peyo-studio for permissions ["firebase.projects.get","firebasehosting.sites.update"]
[debug] [2023-09-11T01:01:18.338Z] > refreshing access token with scopes: ["email","https://www.googleapis.com/auth/cloud-platform","https://www.googleapis.com/auth/cloudplatformprojects.readonly","https://www.googleapis.com/auth/firebase","openid"]
[debug] [2023-09-11T01:01:18.339Z] >>> HTTP REQUEST POST https://www.googleapis.com/oauth2/v3/token  
 <request body omitted>
[debug] [2023-09-11T01:01:45.176Z] ----------------------------------------------------------------------
[debug] [2023-09-11T01:01:45.178Z] Command:       /Users/heewonahn/.nvm/versions/node/v18.17.1/bin/node /Users/heewonahn/.nvm/versions/node/v18.17.1/bin/firebase emulators:start
[debug] [2023-09-11T01:01:45.179Z] CLI Version:   12.5.3
[debug] [2023-09-11T01:01:45.180Z] Platform:      darwin
[debug] [2023-09-11T01:01:45.180Z] Node Version:  v18.17.1
[debug] [2023-09-11T01:01:45.182Z] Time:          Sun Sep 10 2023 21:01:45 GMT-0400 (Eastern Daylight Time)
[debug] [2023-09-11T01:01:45.183Z] ----------------------------------------------------------------------
[debug] 
[debug] [2023-09-11T01:01:45.302Z] > command requires scopes: ["email","openid","https://www.googleapis.com/auth/cloudplatformprojects.readonly","https://www.googleapis.com/auth/firebase","https://www.googleapis.com/auth/cloud-platform"]
[debug] [2023-09-11T01:01:45.304Z] > authorizing via signed-in user (shelost.off@gmail.com)
[debug] [2023-09-11T01:01:45.447Z] java version "17.0.7" 2023-04-18 LTS
Java(TM) SE Runtime Environment (build 17.0.7+8-LTS-224)

[debug] [2023-09-11T01:01:45.450Z] Java HotSpot(TM) 64-Bit Server VM (build 17.0.7+8-LTS-224, mixed mode, sharing)

[debug] [2023-09-11T01:01:45.453Z] Parsed Java major version: 17
[info] i  emulators: Starting emulators: firestore, hosting {"metadata":{"emulator":{"name":"hub"},"message":"Starting emulators: firestore, hosting"}}
[debug] [2023-09-11T01:01:46.353Z] [logging] Logging Emulator only supports listening on one address (127.0.0.1). Not listening on ::1
[debug] [2023-09-11T01:01:46.355Z] [firestore] Firestore Emulator only supports listening on one address (127.0.0.1). Not listening on ::1
[debug] [2023-09-11T01:01:46.356Z] [firestore.websocket] websocket server for firestore only supports listening on one address (127.0.0.1). Not listening on ::1
[debug] [2023-09-11T01:01:46.356Z] [hosting] Hosting Emulator only supports listening on one address (127.0.0.1). Not listening on ::1
[debug] [2023-09-11T01:01:46.356Z] assigned listening specs for emulators {"user":{"hub":[{"address":"127.0.0.1","family":"IPv4","port":4400},{"address":"::1","family":"IPv6","port":4400}],"ui":[{"address":"127.0.0.1","family":"IPv4","port":4000},{"address":"::1","family":"IPv6","port":4000}],"logging":[{"address":"127.0.0.1","family":"IPv4","port":4500}],"firestore":[{"address":"127.0.0.1","family":"IPv4","port":8080}],"firestore.websocket":[{"address":"127.0.0.1","family":"IPv4","port":9150}],"hosting":[{"address":"127.0.0.1","family":"IPv4","port":5000}]},"metadata":{"message":"assigned listening specs for emulators"}}
[debug] [2023-09-11T01:01:46.370Z] [hub] writing locator at /var/folders/r0/v3n9h_kn1zzfy112f53bk5qw0000gn/T/hub-peyo-studio.json
[info] i  firestore: downloading cloud-firestore-emulator-v1.18.1.jar... {"metadata":{"emulator":{"name":"firestore"},"message":"downloading cloud-firestore-emulator-v1.18.1.jar..."}}
[debug] [2023-09-11T01:01:46.380Z] >>> [apiv2][query] GET https://storage.googleapis.com/firebase-preview-drop/emulator/cloud-firestore-emulator-v1.18.1.jar 
[debug] [2023-09-11T01:01:48.410Z] [iam] error while checking permissions, command may fail: FirebaseError: Authentication Error: Your credentials are no longer valid. Please run firebase login --reauth

For CI servers and headless environments, generate a new token with firebase login:ci
[debug] [2023-09-11T01:01:48.416Z] > refreshing access token with scopes: ["email","https://www.googleapis.com/auth/cloud-platform","https://www.googleapis.com/auth/cloudplatformprojects.readonly","https://www.googleapis.com/auth/firebase","openid"]
[debug] [2023-09-11T01:01:48.417Z] >>> HTTP REQUEST POST https://www.googleapis.com/oauth2/v3/token  
 <request body omitted>
[debug] [2023-09-11T01:01:55.006Z] <<< [apiv2][status] GET https://storage.googleapis.com/firebase-preview-drop/emulator/cloud-firestore-emulator-v1.18.1.jar 200
[debug] [2023-09-11T01:01:55.009Z] <<< [apiv2][body] GET https://storage.googleapis.com/firebase-preview-drop/emulator/cloud-firestore-emulator-v1.18.1.jar [stream]
[info] i  firestore: Removing outdated emulator files: cloud-firestore-emulator-v1.10.2.jar {"metadata":{"emulator":{"name":"firestore"},"message":"Removing outdated emulator files: cloud-firestore-emulator-v1.10.2.jar"}}
[debug] [2023-09-11T01:01:57.196Z] Ignoring unsupported arg: auto_download {"metadata":{"emulator":{"name":"firestore"},"message":"Ignoring unsupported arg: auto_download"}}
[debug] [2023-09-11T01:01:57.197Z] Ignoring unsupported arg: single_project_mode_error {"metadata":{"emulator":{"name":"firestore"},"message":"Ignoring unsupported arg: single_project_mode_error"}}
[debug] [2023-09-11T01:01:57.197Z] Starting Firestore Emulator with command {"binary":"java","args":["-Dgoogle.cloud_firestore.debug_log_level=FINE","-Duser.language=en","-jar","/Users/heewonahn/.cache/firebase/emulators/cloud-firestore-emulator-v1.18.1.jar","--host","127.0.0.1","--port",8080,"--websocket_port",9150,"--project_id","peyo-studio","--rules","/Users/heewonahn/firestore.rules","--single_project_mode",true],"optionalArgs":["port","webchannel_port","host","rules","websocket_port","functions_emulator","seed_from_export","project_id","single_project_mode"],"joinArgs":false} {"metadata":{"emulator":{"name":"firestore"},"message":"Starting Firestore Emulator with command {\"binary\":\"java\",\"args\":[\"-Dgoogle.cloud_firestore.debug_log_level=FINE\",\"-Duser.language=en\",\"-jar\",\"/Users/heewonahn/.cache/firebase/emulators/cloud-firestore-emulator-v1.18.1.jar\",\"--host\",\"127.0.0.1\",\"--port\",8080,\"--websocket_port\",9150,\"--project_id\",\"peyo-studio\",\"--rules\",\"/Users/heewonahn/firestore.rules\",\"--single_project_mode\",true],\"optionalArgs\":[\"port\",\"webchannel_port\",\"host\",\"rules\",\"websocket_port\",\"functions_emulator\",\"seed_from_export\",\"project_id\",\"single_project_mode\"],\"joinArgs\":false}"}}
[info] i  firestore: Firestore Emulator logging to firestore-debug.log {"metadata":{"emulator":{"name":"firestore"},"message":"Firestore Emulator logging to \u001b[1mfirestore-debug.log\u001b[22m"}}
[debug] [2023-09-11T01:01:57.762Z] Sep 10, 2023 9:01:57 PM com.google.cloud.datastore.emulator.firestore.websocket.WebSocketServer start
INFO: Started WebSocket server on ws://127.0.0.1:9150
 {"metadata":{"emulator":{"name":"firestore"},"message":"Sep 10, 2023 9:01:57 PM com.google.cloud.datastore.emulator.firestore.websocket.WebSocketServer start\nINFO: Started WebSocket server on ws://127.0.0.1:9150\n"}}
[debug] [2023-09-11T01:01:57.771Z] API endpoint: http:// {"metadata":{"emulator":{"name":"firestore"},"message":"API endpoint: http://"}}
[debug] [2023-09-11T01:01:57.771Z] 127.0.0.1:8080
If you are using a library that supports the FIRESTORE_EMULATOR_HOST environment variable, run:

   export FIRESTORE_EMULATOR_HOST=127.0.0.1:8080

Dev App Server is now running.

 {"metadata":{"emulator":{"name":"firestore"},"message":"127.0.0.1:8080\nIf you are using a library that supports the FIRESTORE_EMULATOR_HOST environment variable, run:\n\n   export FIRESTORE_EMULATOR_HOST=127.0.0.1:8080\n\nDev App Server is now running.\n\n"}}
[info] ✔  firestore: Firestore Emulator UI websocket is running on 9150. {"metadata":{"emulator":{"name":"firestore"},"message":"Firestore Emulator UI websocket is running on 9150."}}
[debug] [2023-09-11T01:01:57.995Z] >>> [apiv2][query] GET https://firebasehosting.googleapis.com/v1beta1/projects/peyo-studio/sites 
[debug] [2023-09-11T01:01:58.385Z] <<< [apiv2][status] GET https://firebasehosting.googleapis.com/v1beta1/projects/peyo-studio/sites 200
[debug] [2023-09-11T01:01:58.386Z] <<< [apiv2][body] GET https://firebasehosting.googleapis.com/v1beta1/projects/peyo-studio/sites {"sites":[{"name":"projects/peyo-studio/sites/peyo-studio","defaultUrl":"https://peyo-studio.web.app","appId":"1:244999926472:web:2e6adff19fe233c13f2bfd","type":"DEFAULT_SITE"}]}
[debug] [2023-09-11T01:01:58.386Z] >>> [apiv2][query] GET https://firebase.googleapis.com/v1beta1/projects/peyo-studio/webApps/1:244999926472:web:2e6adff19fe233c13f2bfd/config [none]
[debug] [2023-09-11T01:01:58.848Z] <<< [apiv2][status] GET https://firebase.googleapis.com/v1beta1/projects/peyo-studio/webApps/1:244999926472:web:2e6adff19fe233c13f2bfd/config 200
[debug] [2023-09-11T01:01:58.848Z] <<< [apiv2][body] GET https://firebase.googleapis.com/v1beta1/projects/peyo-studio/webApps/1:244999926472:web:2e6adff19fe233c13f2bfd/config {"projectId":"peyo-studio","appId":"1:244999926472:web:2e6adff19fe233c13f2bfd","storageBucket":"peyo-studio.appspot.com","apiKey":"AIzaSyAoPj5EY8JRI7MWotXlF-GvabDly9L9SgA","authDomain":"peyo-studio.firebaseapp.com","messagingSenderId":"244999926472","measurementId":"G-34NVNV4T48"}
[debug] [2023-09-11T01:01:58.876Z] >>> [apiv2][query] GET https://firebase.googleapis.com/v1beta1/projects/peyo-studio [none]
[debug] [2023-09-11T01:01:59.092Z] <<< [apiv2][status] GET https://firebase.googleapis.com/v1beta1/projects/peyo-studio 200
[debug] [2023-09-11T01:01:59.092Z] <<< [apiv2][body] GET https://firebase.googleapis.com/v1beta1/projects/peyo-studio {"projectId":"peyo-studio","projectNumber":"244999926472","displayName":"Arachne","name":"projects/peyo-studio","resources":{"hostingSite":"peyo-studio"},"state":"ACTIVE","etag":"1_d576b9f0-efd4-44bd-8770-41f53be4a546"}
[info] i  hosting[peyo-studio]: Serving hosting files from: public {"metadata":{"emulator":{"name":"hosting"},"message":"Serving hosting files from: \u001b[1mpublic\u001b[22m"}}
[info] ✔  hosting[peyo-studio]: Local server: http://127.0.0.1:5000 {"metadata":{"emulator":{"name":"hosting"},"message":"Local server: \u001b[4m\u001b[1mhttp://127.0.0.1:5000\u001b[22m\u001b[24m"}}
[info] i  ui: downloading ui-v1.11.7.zip... {"metadata":{"emulator":{"name":"ui"},"message":"downloading ui-v1.11.7.zip..."}}
[debug] [2023-09-11T01:01:59.195Z] >>> [apiv2][query] GET https://storage.googleapis.com/firebase-preview-drop/emulator/ui-v1.11.7.zip 
[debug] [2023-09-11T01:01:59.292Z] <<< [apiv2][status] GET https://storage.googleapis.com/firebase-preview-drop/emulator/ui-v1.11.7.zip 200
[debug] [2023-09-11T01:01:59.292Z] <<< [apiv2][body] GET https://storage.googleapis.com/firebase-preview-drop/emulator/ui-v1.11.7.zip [stream]
[debug] [2023-09-11T01:01:59.424Z] Data is 3064105
[debug] [2023-09-11T01:01:59.425Z] [unzip] Entry: client/ (compressed_size=0 bytes, uncompressed_size=0 bytes)
[debug] [2023-09-11T01:01:59.425Z] [unzip] Processing entry: client/
[debug] [2023-09-11T01:01:59.425Z] [unzip] mkdir: /Users/heewonahn/.cache/firebase/emulators/ui-v1.11.7/client/
[debug] [2023-09-11T01:01:59.426Z] [unzip] Entry: client/favicon.ico (compressed_size=2497 bytes, uncompressed_size=7406 bytes)
[debug] [2023-09-11T01:01:59.426Z] [unzip] Processing entry: client/favicon.ico
[debug] [2023-09-11T01:01:59.426Z] [unzip] else mkdir: /Users/heewonahn/.cache/firebase/emulators/ui-v1.11.7/client
[debug] [2023-09-11T01:01:59.427Z] [unzip] deflating: /Users/heewonahn/.cache/firebase/emulators/ui-v1.11.7/client/favicon.ico
[debug] [2023-09-11T01:01:59.445Z] [unzip] Entry: client/apple-touch-icon.png (compressed_size=7231 bytes, uncompressed_size=7367 bytes)
[debug] [2023-09-11T01:01:59.449Z] [unzip] Processing entry: client/apple-touch-icon.png
[debug] [2023-09-11T01:01:59.449Z] [unzip] else mkdir: /Users/heewonahn/.cache/firebase/emulators/ui-v1.11.7/client
[debug] [2023-09-11T01:01:59.451Z] [unzip] deflating: /Users/heewonahn/.cache/firebase/emulators/ui-v1.11.7/client/apple-touch-icon.png
[debug] [2023-09-11T01:01:59.466Z] [unzip] Entry: client/android-chrome-512x512.png (compressed_size=16987 bytes, uncompressed_size=18186 bytes)
[debug] [2023-09-11T01:01:59.467Z] [unzip] Processing entry: client/android-chrome-512x512.png
[debug] [2023-09-11T01:01:59.467Z] [unzip] else mkdir: /Users/heewonahn/.cache/firebase/emulators/ui-v1.11.7/client
[debug] [2023-09-11T01:01:59.468Z] [unzip] deflating: /Users/heewonahn/.cache/firebase/emulators/ui-v1.11.7/client/android-chrome-512x512.png
[debug] [2023-09-11T01:01:59.477Z] [unzip] Entry: client/assets/ (compressed_size=0 bytes, uncompressed_size=0 bytes)
[debug] [2023-09-11T01:01:59.478Z] [unzip] Processing entry: client/assets/
[debug] [2023-09-11T01:01:59.478Z] [unzip] mkdir: /Users/heewonahn/.cache/firebase/emulators/ui-v1.11.7/client/assets/
[debug] [2023-09-11T01:01:59.479Z] [unzip] Entry: client/assets/extensions/ (compressed_size=0 bytes, uncompressed_size=0 bytes)
[debug] [2023-09-11T01:01:59.479Z] [unzip] Processing entry: client/assets/extensions/
[debug] [2023-09-11T01:01:59.479Z] [unzip] mkdir: /Users/heewonahn/.cache/firebase/emulators/ui-v1.11.7/client/assets/extensions/
[debug] [2023-09-11T01:01:59.479Z] [unzip] Entry: client/assets/extensions/default-extension.png (compressed_size=1646 bytes, uncompressed_size=1657 bytes)
[debug] [2023-09-11T01:01:59.479Z] [unzip] Processing entry: client/assets/extensions/default-extension.png
[debug] [2023-09-11T01:01:59.479Z] [unzip] else mkdir: /Users/heewonahn/.cache/firebase/emulators/ui-v1.11.7/client/assets/extensions
[debug] [2023-09-11T01:01:59.479Z] [unzip] deflating: /Users/heewonahn/.cache/firebase/emulators/ui-v1.11.7/client/assets/extensions/default-extension.png
[debug] [2023-09-11T01:01:59.482Z] [unzip] Entry: client/assets/index.58ca09f7.css (compressed_size=37601 bytes, uncompressed_size=321252 bytes)
[debug] [2023-09-11T01:01:59.482Z] [unzip] Processing entry: client/assets/index.58ca09f7.css
[debug] [2023-09-11T01:01:59.482Z] [unzip] else mkdir: /Users/heewonahn/.cache/firebase/emulators/ui-v1.11.7/client/assets
[debug] [2023-09-11T01:01:59.482Z] [unzip] deflating: /Users/heewonahn/.cache/firebase/emulators/ui-v1.11.7/client/assets/index.58ca09f7.css
[debug] [2023-09-11T01:01:59.487Z] [unzip] Entry: client/assets/index.c2583d42.js (compressed_size=526232 bytes, uncompressed_size=1860152 bytes)
[debug] [2023-09-11T01:01:59.488Z] [unzip] Processing entry: client/assets/index.c2583d42.js
[debug] [2023-09-11T01:01:59.488Z] [unzip] else mkdir: /Users/heewonahn/.cache/firebase/emulators/ui-v1.11.7/client/assets
[debug] [2023-09-11T01:01:59.488Z] [unzip] deflating: /Users/heewonahn/.cache/firebase/emulators/ui-v1.11.7/client/assets/index.c2583d42.js
[debug] [2023-09-11T01:01:59.499Z] [unzip] Entry: client/assets/provider-icons/ (compressed_size=0 bytes, uncompressed_size=0 bytes)
[debug] [2023-09-11T01:01:59.500Z] [unzip] Processing entry: client/assets/provider-icons/
[debug] [2023-09-11T01:01:59.500Z] [unzip] mkdir: /Users/heewonahn/.cache/firebase/emulators/ui-v1.11.7/client/assets/provider-icons/
[debug] [2023-09-11T01:01:59.500Z] [unzip] Entry: client/assets/provider-icons/auth_service_oidc.svg (compressed_size=414 bytes, uncompressed_size=858 bytes)
[debug] [2023-09-11T01:01:59.500Z] [unzip] Processing entry: client/assets/provider-icons/auth_service_oidc.svg
[debug] [2023-09-11T01:01:59.500Z] [unzip] else mkdir: /Users/heewonahn/.cache/firebase/emulators/ui-v1.11.7/client/assets/provider-icons
[debug] [2023-09-11T01:01:59.500Z] [unzip] deflating: /Users/heewonahn/.cache/firebase/emulators/ui-v1.11.7/client/assets/provider-icons/auth_service_oidc.svg
[debug] [2023-09-11T01:01:59.505Z] [unzip] Entry: client/assets/provider-icons/auth_service_yahoo.svg (compressed_size=577 bytes, uncompressed_size=1182 bytes)
[debug] [2023-09-11T01:01:59.505Z] [unzip] Processing entry: client/assets/provider-icons/auth_service_yahoo.svg
[debug] [2023-09-11T01:01:59.505Z] [unzip] else mkdir: /Users/heewonahn/.cache/firebase/emulators/ui-v1.11.7/client/assets/provider-icons
[debug] [2023-09-11T01:01:59.505Z] [unzip] deflating: /Users/heewonahn/.cache/firebase/emulators/ui-v1.11.7/client/assets/provider-icons/auth_service_yahoo.svg
[debug] [2023-09-11T01:01:59.506Z] [unzip] Entry: client/assets/provider-icons/auth_service_phone.svg (compressed_size=261 bytes, uncompressed_size=414 bytes)
[debug] [2023-09-11T01:01:59.506Z] [unzip] Processing entry: client/assets/provider-icons/auth_service_phone.svg
[debug] [2023-09-11T01:01:59.506Z] [unzip] else mkdir: /Users/heewonahn/.cache/firebase/emulators/ui-v1.11.7/client/assets/provider-icons
[debug] [2023-09-11T01:01:59.506Z] [unzip] deflating: /Users/heewonahn/.cache/firebase/emulators/ui-v1.11.7/client/assets/provider-icons/auth_service_phone.svg
[debug] [2023-09-11T01:01:59.510Z] [unzip] Entry: client/assets/provider-icons/auth_service_saml.svg (compressed_size=575 bytes, uncompressed_size=1226 bytes)
[debug] [2023-09-11T01:01:59.510Z] [unzip] Processing entry: client/assets/provider-icons/auth_service_saml.svg
[debug] [2023-09-11T01:01:59.510Z] [unzip] else mkdir: /Users/heewonahn/.cache/firebase/emulators/ui-v1.11.7/client/assets/provider-icons
[debug] [2023-09-11T01:01:59.511Z] [unzip] deflating: /Users/heewonahn/.cache/firebase/emulators/ui-v1.11.7/client/assets/provider-icons/auth_service_saml.svg
[debug] [2023-09-11T01:01:59.516Z] [unzip] Entry: client/assets/provider-icons/auth_service_mslive.svg (compressed_size=203 bytes, uncompressed_size=378 bytes)
[debug] [2023-09-11T01:01:59.517Z] [unzip] Processing entry: client/assets/provider-icons/auth_service_mslive.svg
[debug] [2023-09-11T01:01:59.517Z] [unzip] else mkdir: /Users/heewonahn/.cache/firebase/emulators/ui-v1.11.7/client/assets/provider-icons
[debug] [2023-09-11T01:01:59.518Z] [unzip] deflating: /Users/heewonahn/.cache/firebase/emulators/ui-v1.11.7/client/assets/provider-icons/auth_service_mslive.svg
[debug] [2023-09-11T01:01:59.523Z] [unzip] Entry: client/assets/provider-icons/auth_service_facebook.svg (compressed_size=289 bytes, uncompressed_size=457 bytes)
[debug] [2023-09-11T01:01:59.524Z] [unzip] Processing entry: client/assets/provider-icons/auth_service_facebook.svg
[debug] [2023-09-11T01:01:59.524Z] [unzip] else mkdir: /Users/heewonahn/.cache/firebase/emulators/ui-v1.11.7/client/assets/provider-icons
[debug] [2023-09-11T01:01:59.524Z] [unzip] deflating: /Users/heewonahn/.cache/firebase/emulators/ui-v1.11.7/client/assets/provider-icons/auth_service_facebook.svg
[debug] [2023-09-11T01:01:59.531Z] [unzip] Entry: client/assets/provider-icons/auth_service_play_games.svg (compressed_size=565 bytes, uncompressed_size=1173 bytes)
[debug] [2023-09-11T01:01:59.532Z] [unzip] Processing entry: client/assets/provider-icons/auth_service_play_games.svg
[debug] [2023-09-11T01:01:59.532Z] [unzip] else mkdir: /Users/heewonahn/.cache/firebase/emulators/ui-v1.11.7/client/assets/provider-icons
[debug] [2023-09-11T01:01:59.532Z] [unzip] deflating: /Users/heewonahn/.cache/firebase/emulators/ui-v1.11.7/client/assets/provider-icons/auth_service_play_games.svg
[debug] [2023-09-11T01:01:59.534Z] [unzip] Entry: client/assets/provider-icons/auth_service_github.svg (compressed_size=466 bytes, uncompressed_size=838 bytes)
[debug] [2023-09-11T01:01:59.534Z] [unzip] Processing entry: client/assets/provider-icons/auth_service_github.svg
[debug] [2023-09-11T01:01:59.534Z] [unzip] else mkdir: /Users/heewonahn/.cache/firebase/emulators/ui-v1.11.7/client/assets/provider-icons
[debug] [2023-09-11T01:01:59.534Z] [unzip] deflating: /Users/heewonahn/.cache/firebase/emulators/ui-v1.11.7/client/assets/provider-icons/auth_service_github.svg
[debug] [2023-09-11T01:01:59.534Z] [unzip] Entry: client/assets/provider-icons/auth_service_apple.svg (compressed_size=230 bytes, uncompressed_size=334 bytes)
[debug] [2023-09-11T01:01:59.534Z] [unzip] Processing entry: client/assets/provider-icons/auth_service_apple.svg
[debug] [2023-09-11T01:01:59.534Z] [unzip] else mkdir: /Users/heewonahn/.cache/firebase/emulators/ui-v1.11.7/client/assets/provider-icons
[debug] [2023-09-11T01:01:59.534Z] [unzip] deflating: /Users/heewonahn/.cache/firebase/emulators/ui-v1.11.7/client/assets/provider-icons/auth_service_apple.svg
[debug] [2023-09-11T01:01:59.535Z] [unzip] Entry: client/assets/provider-icons/auth_service_google.svg (compressed_size=409 bytes, uncompressed_size=720 bytes)
[debug] [2023-09-11T01:01:59.535Z] [unzip] Processing entry: client/assets/provider-icons/auth_service_google.svg
[debug] [2023-09-11T01:01:59.535Z] [unzip] else mkdir: /Users/heewonahn/.cache/firebase/emulators/ui-v1.11.7/client/assets/provider-icons
[debug] [2023-09-11T01:01:59.535Z] [unzip] deflating: /Users/heewonahn/.cache/firebase/emulators/ui-v1.11.7/client/assets/provider-icons/auth_service_google.svg
[debug] [2023-09-11T01:01:59.536Z] [unzip] Entry: client/assets/provider-icons/auth_service_email.svg (compressed_size=228 bytes, uncompressed_size=326 bytes)
[debug] [2023-09-11T01:01:59.536Z] [unzip] Processing entry: client/assets/provider-icons/auth_service_email.svg
[debug] [2023-09-11T01:01:59.536Z] [unzip] else mkdir: /Users/heewonahn/.cache/firebase/emulators/ui-v1.11.7/client/assets/provider-icons
[debug] [2023-09-11T01:01:59.536Z] [unzip] deflating: /Users/heewonahn/.cache/firebase/emulators/ui-v1.11.7/client/assets/provider-icons/auth_service_email.svg
[debug] [2023-09-11T01:01:59.537Z] [unzip] Entry: client/assets/provider-icons/auth_service_twitter.svg (compressed_size=444 bytes, uncompressed_size=751 bytes)
[debug] [2023-09-11T01:01:59.537Z] [unzip] Processing entry: client/assets/provider-icons/auth_service_twitter.svg
[debug] [2023-09-11T01:01:59.537Z] [unzip] else mkdir: /Users/heewonahn/.cache/firebase/emulators/ui-v1.11.7/client/assets/provider-icons
[debug] [2023-09-11T01:01:59.537Z] [unzip] deflating: /Users/heewonahn/.cache/firebase/emulators/ui-v1.11.7/client/assets/provider-icons/auth_service_twitter.svg
[debug] [2023-09-11T01:01:59.537Z] [unzip] Entry: client/assets/provider-icons/auth_service_game_center.svg (compressed_size=991 bytes, uncompressed_size=3921 bytes)
[debug] [2023-09-11T01:01:59.537Z] [unzip] Processing entry: client/assets/provider-icons/auth_service_game_center.svg
[debug] [2023-09-11T01:01:59.537Z] [unzip] else mkdir: /Users/heewonahn/.cache/firebase/emulators/ui-v1.11.7/client/assets/provider-icons
[debug] [2023-09-11T01:01:59.537Z] [unzip] deflating: /Users/heewonahn/.cache/firebase/emulators/ui-v1.11.7/client/assets/provider-icons/auth_service_game_center.svg
[debug] [2023-09-11T01:01:59.538Z] [unzip] Entry: client/assets/index.c2583d42.js.map (compressed_size=1778557 bytes, uncompressed_size=7961927 bytes)
[debug] [2023-09-11T01:01:59.538Z] [unzip] Processing entry: client/assets/index.c2583d42.js.map
[debug] [2023-09-11T01:01:59.538Z] [unzip] else mkdir: /Users/heewonahn/.cache/firebase/emulators/ui-v1.11.7/client/assets
[debug] [2023-09-11T01:01:59.538Z] [unzip] deflating: /Users/heewonahn/.cache/firebase/emulators/ui-v1.11.7/client/assets/index.c2583d42.js.map
[debug] [2023-09-11T01:01:59.598Z] [unzip] Entry: client/assets/img/ (compressed_size=0 bytes, uncompressed_size=0 bytes)
[debug] [2023-09-11T01:01:59.601Z] [unzip] Processing entry: client/assets/img/
[debug] [2023-09-11T01:01:59.602Z] [unzip] mkdir: /Users/heewonahn/.cache/firebase/emulators/ui-v1.11.7/client/assets/img/
[debug] [2023-09-11T01:01:59.605Z] [unzip] Entry: client/assets/img/database.png (compressed_size=29449 bytes, uncompressed_size=29988 bytes)
[debug] [2023-09-11T01:01:59.605Z] [unzip] Processing entry: client/assets/img/database.png
[debug] [2023-09-11T01:01:59.605Z] [unzip] else mkdir: /Users/heewonahn/.cache/firebase/emulators/ui-v1.11.7/client/assets/img
[debug] [2023-09-11T01:01:59.606Z] [unzip] deflating: /Users/heewonahn/.cache/firebase/emulators/ui-v1.11.7/client/assets/img/database.png
[debug] [2023-09-11T01:01:59.614Z] [unzip] Entry: client/safari-pinned-tab.svg (compressed_size=838 bytes, uncompressed_size=1504 bytes)
[debug] [2023-09-11T01:01:59.614Z] [unzip] Processing entry: client/safari-pinned-tab.svg
[debug] [2023-09-11T01:01:59.614Z] [unzip] else mkdir: /Users/heewonahn/.cache/firebase/emulators/ui-v1.11.7/client
[debug] [2023-09-11T01:01:59.614Z] [unzip] deflating: /Users/heewonahn/.cache/firebase/emulators/ui-v1.11.7/client/safari-pinned-tab.svg
[debug] [2023-09-11T01:01:59.615Z] [unzip] Entry: client/mstile-150x150.png (compressed_size=5406 bytes, uncompressed_size=5723 bytes)
[debug] [2023-09-11T01:01:59.615Z] [unzip] Processing entry: client/mstile-150x150.png
[debug] [2023-09-11T01:01:59.615Z] [unzip] else mkdir: /Users/heewonahn/.cache/firebase/emulators/ui-v1.11.7/client
[debug] [2023-09-11T01:01:59.615Z] [unzip] deflating: /Users/heewonahn/.cache/firebase/emulators/ui-v1.11.7/client/mstile-150x150.png
[debug] [2023-09-11T01:01:59.615Z] [unzip] Entry: client/browserconfig.xml (compressed_size=491 bytes, uncompressed_size=822 bytes)
[debug] [2023-09-11T01:01:59.615Z] [unzip] Processing entry: client/browserconfig.xml
[debug] [2023-09-11T01:01:59.615Z] [unzip] else mkdir: /Users/heewonahn/.cache/firebase/emulators/ui-v1.11.7/client
[debug] [2023-09-11T01:01:59.615Z] [unzip] deflating: /Users/heewonahn/.cache/firebase/emulators/ui-v1.11.7/client/browserconfig.xml
[debug] [2023-09-11T01:01:59.619Z] [unzip] Entry: client/robots.txt (compressed_size=26 bytes, uncompressed_size=26 bytes)
[debug] [2023-09-11T01:01:59.620Z] [unzip] Processing entry: client/robots.txt
[debug] [2023-09-11T01:01:59.620Z] [unzip] else mkdir: /Users/heewonahn/.cache/firebase/emulators/ui-v1.11.7/client
[debug] [2023-09-11T01:01:59.620Z] [unzip] Writing file: /Users/heewonahn/.cache/firebase/emulators/ui-v1.11.7/client/robots.txt
[debug] [2023-09-11T01:01:59.621Z] [unzip] Entry: client/index.html (compressed_size=1363 bytes, uncompressed_size=3064 bytes)
[debug] [2023-09-11T01:01:59.621Z] [unzip] Processing entry: client/index.html
[debug] [2023-09-11T01:01:59.621Z] [unzip] else mkdir: /Users/heewonahn/.cache/firebase/emulators/ui-v1.11.7/client
[debug] [2023-09-11T01:01:59.621Z] [unzip] deflating: /Users/heewonahn/.cache/firebase/emulators/ui-v1.11.7/client/index.html
[debug] [2023-09-11T01:01:59.622Z] [unzip] Entry: client/favicon-16x16.png (compressed_size=757 bytes, uncompressed_size=777 bytes)
[debug] [2023-09-11T01:01:59.622Z] [unzip] Processing entry: client/favicon-16x16.png
[debug] [2023-09-11T01:01:59.622Z] [unzip] else mkdir: /Users/heewonahn/.cache/firebase/emulators/ui-v1.11.7/client
[debug] [2023-09-11T01:01:59.622Z] [unzip] deflating: /Users/heewonahn/.cache/firebase/emulators/ui-v1.11.7/client/favicon-16x16.png
[debug] [2023-09-11T01:01:59.622Z] [unzip] Entry: client/manifest.json (compressed_size=246 bytes, uncompressed_size=551 bytes)
[debug] [2023-09-11T01:01:59.622Z] [unzip] Processing entry: client/manifest.json
[debug] [2023-09-11T01:01:59.622Z] [unzip] else mkdir: /Users/heewonahn/.cache/firebase/emulators/ui-v1.11.7/client
[debug] [2023-09-11T01:01:59.622Z] [unzip] deflating: /Users/heewonahn/.cache/firebase/emulators/ui-v1.11.7/client/manifest.json
[debug] [2023-09-11T01:01:59.623Z] [unzip] Entry: client/favicon-32x32.png (compressed_size=1175 bytes, uncompressed_size=1175 bytes)
[debug] [2023-09-11T01:01:59.623Z] [unzip] Processing entry: client/favicon-32x32.png
[debug] [2023-09-11T01:01:59.623Z] [unzip] else mkdir: /Users/heewonahn/.cache/firebase/emulators/ui-v1.11.7/client
[debug] [2023-09-11T01:01:59.623Z] [unzip] Writing file: /Users/heewonahn/.cache/firebase/emulators/ui-v1.11.7/client/favicon-32x32.png
[debug] [2023-09-11T01:01:59.623Z] [unzip] Entry: client/android-chrome-192x192.png (compressed_size=7602 bytes, uncompressed_size=7834 bytes)
[debug] [2023-09-11T01:01:59.623Z] [unzip] Processing entry: client/android-chrome-192x192.png
[debug] [2023-09-11T01:01:59.623Z] [unzip] else mkdir: /Users/heewonahn/.cache/firebase/emulators/ui-v1.11.7/client
[debug] [2023-09-11T01:01:59.623Z] [unzip] deflating: /Users/heewonahn/.cache/firebase/emulators/ui-v1.11.7/client/android-chrome-192x192.png
[debug] [2023-09-11T01:01:59.624Z] [unzip] Entry: server/ (compressed_size=0 bytes, uncompressed_size=0 bytes)
[debug] [2023-09-11T01:01:59.624Z] [unzip] Processing entry: server/
[debug] [2023-09-11T01:01:59.624Z] [unzip] mkdir: /Users/heewonahn/.cache/firebase/emulators/ui-v1.11.7/server/
[debug] [2023-09-11T01:01:59.624Z] [unzip] Entry: server/server.js (compressed_size=343746 bytes, uncompressed_size=1346374 bytes)
[debug] [2023-09-11T01:01:59.624Z] [unzip] Processing entry: server/server.js
[debug] [2023-09-11T01:01:59.624Z] [unzip] else mkdir: /Users/heewonahn/.cache/firebase/emulators/ui-v1.11.7/server
[debug] [2023-09-11T01:01:59.624Z] [unzip] deflating: /Users/heewonahn/.cache/firebase/emulators/ui-v1.11.7/server/server.js
[debug] [2023-09-11T01:01:59.635Z] [unzip] Entry: server/server.js.map (compressed_size=289157 bytes, uncompressed_size=1325651 bytes)
[debug] [2023-09-11T01:01:59.637Z] [unzip] Processing entry: server/server.js.map
[debug] [2023-09-11T01:01:59.637Z] [unzip] else mkdir: /Users/heewonahn/.cache/firebase/emulators/ui-v1.11.7/server
[debug] [2023-09-11T01:01:59.638Z] [unzip] deflating: /Users/heewonahn/.cache/firebase/emulators/ui-v1.11.7/server/server.js.map
[debug] [2023-09-11T01:01:59.645Z] Ignoring unsupported arg: auto_download {"metadata":{"emulator":{"name":"ui"},"message":"Ignoring unsupported arg: auto_download"}}
[debug] [2023-09-11T01:01:59.646Z] Ignoring unsupported arg: port {"metadata":{"emulator":{"name":"ui"},"message":"Ignoring unsupported arg: port"}}
[debug] [2023-09-11T01:01:59.646Z] Starting Emulator UI with command {"binary":"node","args":["/Users/heewonahn/.cache/firebase/emulators/ui-v1.11.7/server/server.js"],"optionalArgs":[],"joinArgs":false} {"metadata":{"emulator":{"name":"ui"},"message":"Starting Emulator UI with command {\"binary\":\"node\",\"args\":[\"/Users/heewonahn/.cache/firebase/emulators/ui-v1.11.7/server/server.js\"],\"optionalArgs\":[],\"joinArgs\":false}"}}
[info] i  ui: Emulator UI logging to ui-debug.log {"metadata":{"emulator":{"name":"ui"},"message":"Emulator UI logging to \u001b[1mui-debug.log\u001b[22m"}}
[debug] [2023-09-11T01:01:59.766Z] Web / API server started at 127.0.0.1:4000
 {"metadata":{"emulator":{"name":"ui"},"message":"Web / API server started at 127.0.0.1:4000\n"}}
[debug] [2023-09-11T01:01:59.777Z] Web / API server started at ::1:4000
 {"metadata":{"emulator":{"name":"ui"},"message":"Web / API server started at ::1:4000\n"}}
[info] 
┌─────────────────────────────────────────────────────────────┐
│ ✔  All emulators ready! It is now safe to connect your app. │
│ i  View Emulator UI at http://127.0.0.1:4000/               │
└─────────────────────────────────────────────────────────────┘

┌───────────┬────────────────┬─────────────────────────────────┐
│ Emulator  │ Host:Port      │ View in Emulator UI             │
├───────────┼────────────────┼─────────────────────────────────┤
│ Firestore │ 127.0.0.1:8080 │ http://127.0.0.1:4000/firestore │
├───────────┼────────────────┼─────────────────────────────────┤
│ Hosting   │ 127.0.0.1:5000 │ n/a                             │
└───────────┴────────────────┴─────────────────────────────────┘
  Emulator Hub running at 127.0.0.1:4400
  Other reserved ports: 4500, 9150

Issues? Report them at https://github.com/firebase/firebase-tools/issues and attach the *-debug.log files.
 
[info] i  hosting: 127.0.0.1 - - [11/Sep/2023:01:02:16 +0000] "GET / HTTP/1.1" 200 - "-" "Mozilla/5.0 (Macintosh; Intel Mac OS X 10_15_7) AppleWebKit/537.36 (KHTML, like Gecko) Chrome/116.0.0.0 Safari/537.36" {"metadata":{"emulator":{"name":"hosting"},"message":"127.0.0.1 - - [11/Sep/2023:01:02:16 +0000] \"GET / HTTP/1.1\" 200 - \"-\" \"Mozilla/5.0 (Macintosh; Intel Mac OS X 10_15_7) AppleWebKit/537.36 (KHTML, like Gecko) Chrome/116.0.0.0 Safari/537.36\""}}
[info] i  hosting: 127.0.0.1 - - [11/Sep/2023:01:02:16 +0000] "GET /__/firebase/init.js?useEmulator=true HTTP/1.1" 200 - "http://localhost:5000/" "Mozilla/5.0 (Macintosh; Intel Mac OS X 10_15_7) AppleWebKit/537.36 (KHTML, like Gecko) Chrome/116.0.0.0 Safari/537.36" {"metadata":{"emulator":{"name":"hosting"},"message":"127.0.0.1 - - [11/Sep/2023:01:02:16 +0000] \"GET /__/firebase/init.js?useEmulator=true HTTP/1.1\" 200 - \"http://localhost:5000/\" \"Mozilla/5.0 (Macintosh; Intel Mac OS X 10_15_7) AppleWebKit/537.36 (KHTML, like Gecko) Chrome/116.0.0.0 Safari/537.36\""}}
[debug] [2023-09-11T01:02:18.434Z] Authentication Error: Your credentials are no longer valid. Please run firebase login --reauth

For CI servers and headless environments, generate a new token with firebase login:ci
[debug] [2023-09-11T01:02:18.444Z] FirebaseError: Authentication Error: Your credentials are no longer valid. Please run firebase login --reauth

For CI servers and headless environments, generate a new token with firebase login:ci
    at Object.<anonymous> (/usr/local/lib/node_modules/firebase-tools/lib/auth.js:23:32)
    at Module._compile (node:internal/modules/cjs/loader:1256:14)
    at Module._extensions..js (node:internal/modules/cjs/loader:1310:10)
    at Module.load (node:internal/modules/cjs/loader:1119:32)
    at Module._load (node:internal/modules/cjs/loader:960:12)
    at Module.require (node:internal/modules/cjs/loader:1143:19)
    at require (node:internal/modules/cjs/helpers:121:18)
    at Object.<anonymous> (/usr/local/lib/node_modules/firebase-tools/lib/commands/login.js:8:12)
    at Module._compile (node:internal/modules/cjs/loader:1256:14)
    at Module._extensions..js (node:internal/modules/cjs/loader:1310:10)
    at Module.load (node:internal/modules/cjs/loader:1119:32)
    at Module._load (node:internal/modules/cjs/loader:960:12)
    at Module.require (node:internal/modules/cjs/loader:1143:19)
    at require (node:internal/modules/cjs/helpers:121:18)
    at loadCommand (/usr/local/lib/node_modules/firebase-tools/lib/commands/index.js:5:19)
    at module.exports (/usr/local/lib/node_modules/firebase-tools/lib/commands/index.js:73:20)
[error] 
[error] Error: Failed to get Firebase project peyo-studio. Please make sure the project exists and your account has permission to access it.
[info] i  hosting: 127.0.0.1 - - [11/Sep/2023:01:31:14 +0000] "GET / HTTP/1.1" 200 - "-" "Mozilla/5.0 (Macintosh; Intel Mac OS X 10_15_7) AppleWebKit/537.36 (KHTML, like Gecko) Chrome/116.0.0.0 Safari/537.36" {"metadata":{"emulator":{"name":"hosting"},"message":"127.0.0.1 - - [11/Sep/2023:01:31:14 +0000] \"GET / HTTP/1.1\" 200 - \"-\" \"Mozilla/5.0 (Macintosh; Intel Mac OS X 10_15_7) AppleWebKit/537.36 (KHTML, like Gecko) Chrome/116.0.0.0 Safari/537.36\""}}
[info] i  hosting: 127.0.0.1 - - [11/Sep/2023:01:31:14 +0000] "GET /__/firebase/init.js?useEmulator=true HTTP/1.1" 200 - "http://localhost:5000/" "Mozilla/5.0 (Macintosh; Intel Mac OS X 10_15_7) AppleWebKit/537.36 (KHTML, like Gecko) Chrome/116.0.0.0 Safari/537.36" {"metadata":{"emulator":{"name":"hosting"},"message":"127.0.0.1 - - [11/Sep/2023:01:31:14 +0000] \"GET /__/firebase/init.js?useEmulator=true HTTP/1.1\" 200 - \"http://localhost:5000/\" \"Mozilla/5.0 (Macintosh; Intel Mac OS X 10_15_7) AppleWebKit/537.36 (KHTML, like Gecko) Chrome/116.0.0.0 Safari/537.36\""}}
[debug] [2023-09-11T01:31:24.964Z] ----------------------------------------------------------------------
[debug] [2023-09-11T01:31:24.965Z] Command:       /Users/heewonahn/.nvm/versions/node/v18.17.1/bin/node /usr/local/bin/firebase emulators:start
[debug] [2023-09-11T01:31:24.966Z] CLI Version:   7.12.1
[debug] [2023-09-11T01:31:24.966Z] Platform:      darwin
[debug] [2023-09-11T01:31:24.966Z] Node Version:  v18.17.1
[debug] [2023-09-11T01:31:24.968Z] Time:          Sun Sep 10 2023 21:31:24 GMT-0400 (Eastern Daylight Time)
[debug] [2023-09-11T01:31:24.968Z] ----------------------------------------------------------------------
[debug] [2023-09-11T01:31:24.968Z] 
[debug] [2023-09-11T01:31:24.977Z] > command requires scopes: ["email","openid","https://www.googleapis.com/auth/cloudplatformprojects.readonly","https://www.googleapis.com/auth/firebase","https://www.googleapis.com/auth/cloud-platform"]
[debug] [2023-09-11T01:31:24.978Z] > authorizing via signed-in user
[info] i  emulators: Starting emulators: firestore, hosting
[info] i  firestore: Serving ALL traffic (including WebChannel) on http://localhost:8080
[warn] ⚠  firestore: Support for WebChannel on a separate port (8081) is DEPRECATED and will go away soon. Please use port above instead.
[info] i  firestore: downloading cloud-firestore-emulator-v1.10.2.jar...
[info] i  firestore: Removing outdated emulator files: cloud-firestore-emulator-v1.18.1.jar
[debug] [2023-09-11T01:31:41.410Z] Ignoring unsupported arg: projectId
[debug] [2023-09-11T01:31:41.411Z] Ignoring unsupported arg: auto_download
[debug] [2023-09-11T01:31:41.411Z] Starting emulator firestore with command {"binary":"java","args":["-Duser.language=en","-jar","/Users/heewonahn/.cache/firebase/emulators/cloud-firestore-emulator-v1.10.2.jar","--host","localhost","--port",8080,"--rules","/Users/heewonahn/firestore.rules","--webchannel_port",8081],"optionalArgs":["port","webchannel_port","host","rules","functions_emulator"],"joinArgs":false}
[info] i  firestore: Emulator logging to firestore-debug.log
[info] ✔  firestore: Emulator started at http://localhost:8080
[info] i  firestore: For testing set FIRESTORE_EMULATOR_HOST=localhost:8080
[debug] [2023-09-11T01:31:41.450Z] > refreshing access token with scopes: ["email","https://www.googleapis.com/auth/cloud-platform","https://www.googleapis.com/auth/cloudplatformprojects.readonly","https://www.googleapis.com/auth/firebase","openid"]
[debug] [2023-09-11T01:31:41.452Z] >>> HTTP REQUEST POST https://www.googleapis.com/oauth2/v3/token  
 <request body omitted>
[debug] [2023-09-11T01:31:42.001Z] Exception in thread "main" 
[debug] [2023-09-11T01:31:42.001Z] java.net.BindException: Address already in use
	at java.base/sun.nio.ch.Net.bind0(Native Method)
	at java.base/sun.nio.ch.Net.bind(Net.java:555)
	at java.base/sun.nio.ch.ServerSocketChannelImpl.netBind(ServerSocketChannelImpl.java:337)
	at java.base/sun.nio.ch.ServerSocketChannelImpl.bind(ServerSocketChannelImpl.java:294)
	at io.netty.channel.socket.nio.NioServerSocketChannel.doBind(NioServerSocketChannel.java:132)
	at io.netty.channel.AbstractChannel$AbstractUnsafe.bind(AbstractChannel.java:551)
	at io.netty.channel.DefaultChannelPipeline$HeadContext.bind(DefaultChannelPipeline.java:1346)
	at io.netty.channel.AbstractChannelHandlerContext.invokeBind(AbstractChannelHandlerContext.java:503)
	at io.netty.channel.AbstractChannelHandlerContext.bind(AbstractChannelHandlerContext.java:488)
	at io.netty.channel.DefaultChannelPipeline.bind(DefaultChannelPipeline.java:985)
	at io.netty.channel.AbstractChannel.bind(AbstractChannel.java:247)
	at io.netty.bootstrap.AbstractBootstrap$2.run(AbstractBootstrap.java:344)
	at io.netty.util.concurrent.AbstractEventExecutor.safeExecute(AbstractEventExecutor.java:163)
	at io.netty.util.concurrent.SingleThreadEventExecutor.runAllTasks(SingleThreadEventExecutor.java:510)
	at io.netty.channel.nio.NioEventLoop.run(NioEventLoop.java:518)
	at io.netty.util.concurrent.SingleThreadEventExecutor$6.run(SingleThreadEventExecutor.java:1044)
	at io.netty.util.internal.ThreadExecutorMap$2.run(ThreadExecutorMap.java:74)
	at io.netty.util.concurrent.FastThreadLocalRunnable.run(FastThreadLocalRunnable.java:30)
	at java.base/java.lang.Thread.run(Thread.java:833)

[debug] [2023-09-11T01:31:46.685Z] <<< HTTP RESPONSE 200
[debug] [2023-09-11T01:31:46.709Z] >>> HTTP REQUEST GET https://firebase.googleapis.com/v1beta1/projects/peyo-studio/webApps/-/config  
 
[debug] [2023-09-11T01:31:47.231Z] <<< HTTP RESPONSE 200
[info] i  hosting: Serving hosting files from: public
[info] ✔  hosting: Local server: http://localhost:5000
[info] ✔  hosting: Emulator started at http://localhost:5000
[info] ✔  All emulators started, it is now safe to connect.
